2019-09-18 14:21:25,345 manager INFO 1.1.0
2019-09-18 14:21:25,345 manager INFO Copyright (C) 2003-2010
2019-09-18 14:21:25,345 manager INFO   Noriaki Ando
2019-09-18 14:21:25,345 manager INFO   Intelligent Systems Research Institute, AIST
2019-09-18 14:21:25,345 manager INFO Manager starting.
2019-09-18 14:21:25,345 manager INFO Starting local logging.
2019-09-18 14:21:27,513 manager.namingmanager INFO NameServer connection failed: corba/localhost
2019-09-18 14:21:29,588 ManagerServant INFO Master manager not found
2019-09-18 14:21:29,604 manager WARNING Traceback (most recent call last):
  File "C:\Python27\lib\site-packages\OpenRTM_aist\Manager.py", line 1900, in initManagerServant
    reffile = file(self._config.getProperty("manager.refstring_path"),'w')
IOError: [Errno 2] No such file or directory: '/var/log/rtcmanager.ref'

2019-09-18 14:21:29,604 LocalServiceAdmin INFO All the local services are enabled.
2019-09-18 14:21:29,681 manager INFO Component type conf file: GameController_Converter.conf loaded.
2019-09-18 14:21:29,681 ec_base INFO setRate(1000000.000000) done
2019-09-18 14:21:29,681 ec_base INFO setRate(1000.000000) done
2019-09-18 14:21:29,681 rtobject INFO 1 execution context was created.
2019-09-18 14:21:29,681 rtobject INFO Initial active configuration set is default-set.
2019-09-18 14:21:39,849 manager.namingmanager INFO NameServer connection failed: corba/localhost
2019-09-18 14:21:39,851 manager.namingmanager INFO Connected to a name server: corba/localhost
2019-09-18 14:21:49,871 manager.namingmanager INFO Name server: localhost (corba) disappeared.
2019-09-18 14:22:01,874 manager.namingmanager INFO NameServer connection failed: corba/localhost
2019-09-18 14:22:01,874 manager.namingmanager INFO Connected to a name server: corba/localhost
2019-09-18 14:22:11,904 manager.namingmanager INFO Name server: localhost (corba) disappeared.
2019-09-18 14:22:21,920 manager.namingmanager INFO NameServer connection succeeded: corba/localhost
2019-09-18 14:22:21,921 manager.namingmanager INFO Connected to a name server: corba/localhost
2019-09-18 14:22:24,374 SdoServiceAdmin WARNING No available SDO service in the factory: 
2019-09-18 14:22:24,375 SdoServiceAdmin ERROR type  already exists.
2019-09-18 14:22:24,378 SdoServiceAdmin WARNING No available SDO service in the factory: IDL:OpenRTM/ComponentObserver:1.0
2019-09-18 14:22:24,378 SdoServiceAdmin ERROR type b13bea21-9da3-4c4f-a6dc-a268952e5dfc already exists.
2019-09-18 14:23:24,592 ec_worker ERROR State of the RTC is not ACTIVE_STATE.
2019-09-18 14:23:24,594 ec_worker WARNING ExecutionContext is already stopped.
2019-09-18 14:23:24,595 ec_base ERROR Invoking on_shutdown() for each RTC failed.
